
> react-kavia@0.1.0 start
> react-scripts start

(node:3052) [DEP_WEBPACK_DEV_SERVER_ON_AFTER_SETUP_MIDDLEWARE] DeprecationWarning: 'onAfterSetupMiddleware' option is deprecated. Please use the 'setupMiddlewares' option.
(Use `node --trace-deprecation ...` to show where the warning was created)
(node:3052) [DEP_WEBPACK_DEV_SERVER_ON_BEFORE_SETUP_MIDDLEWARE] DeprecationWarning: 'onBeforeSetupMiddleware' option is deprecated. Please use the 'setupMiddlewares' option.
Starting the development server...

Compiled successfully!

You can now view react-kavia in the browser.

  Local:            http://localhost:3000
  On Your Network:  http://172.17.0.2:3000

Note that the development build is not optimized.
To create a production build, use npm run build.

webpack compiled successfully
Compiling...
Failed to compile.

[eslint] 
src/NoteEaseMainContainer.js
  Line 468:30:  'setShowTrashBin' is not defined   no-undef
  Line 486:30:  'handleExport' is not defined      no-undef
  Line 502:30:  'handleExport' is not defined      no-undef
  Line 532:27:  'handleImportFile' is not defined  no-undef

Search for the keywords to learn more about each error.
WARNING in [eslint] 
src/NoteEaseMainContainer.js
  Line 292:9:   'categoryOptions' is assigned a value but never used  no-unused-vars
  Line 316:12:  'restoreNote' is defined but never used               no-unused-vars

ERROR in [eslint] 
src/NoteEaseMainContainer.js
  Line 468:30:  'setShowTrashBin' is not defined   no-undef
  Line 486:30:  'handleExport' is not defined      no-undef
  Line 502:30:  'handleExport' is not defined      no-undef
  Line 532:27:  'handleImportFile' is not defined  no-undef

Search for the keywords to learn more about each error.

webpack compiled with 1 error and 1 warning
